<?xml version="1.0" encoding="UTF-8"?>
<!-- Generated by org.testng.reporters.JUnitReportReporter -->
<testsuite hostname="DESKTOP-5MGC367" failures="0" tests="2" name="com.hybrid.testcases.AllProductsTest" time="13.729" errors="0" timestamp="2022-06-04T12:06:17 IST" skipped="0">
  <testcase classname="com.hybrid.testcases.AllProductsTest" name="purchaseproduct" time="10.000"/>
  <system-out/>
  <testcase classname="com.hybrid.testcases.AllProductsTest" name="selectProduct" time="3.729"/>
  <system-out/>
</testsuite> <!-- com.hybrid.testcases.AllProductsTest -->
