<?xml version="1.0" encoding="UTF-8"?>
<!-- Generated by org.testng.reporters.JUnitReportReporter -->
<testsuite hostname="DESKTOP-5MGC367" failures="0" tests="1" name="com.hybrid.testcases.AllProductsPage" time="7.938" errors="0" timestamp="2022-06-04T07:34:41 IST" skipped="0">
  <testcase classname="com.hybrid.testcases.AllProductsPage" name="purchaseproduct" time="7.938"/>
  <system-out/>
</testsuite> <!-- com.hybrid.testcases.AllProductsPage -->
