<?xml version="1.0" encoding="UTF-8"?>
<!-- Generated by org.testng.reporters.JUnitReportReporter -->
<testsuite hostname="DESKTOP-5MGC367" failures="0" tests="1" name="com.hybrid.testcases.AllProductsPage" time="9.600" errors="0" timestamp="2022-06-03T12:03:33 IST" skipped="0">
  <testcase classname="com.hybrid.testcases.AllProductsPage" name="purchaseproduct" time="9.600"/>
  <system-out/>
</testsuite> <!-- com.hybrid.testcases.AllProductsPage -->
