<?xml version="1.0" encoding="UTF-8"?>
<!-- Generated by org.testng.reporters.JUnitReportReporter -->
<testsuite hostname="DESKTOP-5MGC367" failures="0" tests="1" name="com.hybrid.overview.LoginTests" time="2.546" errors="0" timestamp="2022-06-03T08:02:13 IST" skipped="0">
  <testcase classname="com.hybrid.overview.LoginTests" name="testLogin" time="2.546"/>
  <system-out/>
</testsuite> <!-- com.hybrid.overview.LoginTests -->
