<?xml version="1.0" encoding="UTF-8"?>
<!-- Generated by org.testng.reporters.JUnitReportReporter -->
<testsuite hostname="DESKTOP-5MGC367" failures="0" tests="1" name="com.hybrid.testcases.Demo" time="1.823" errors="0" timestamp="2022-06-04T12:06:17 IST" skipped="0">
  <testcase classname="com.hybrid.testcases.Demo" name="demo" time="1.823"/>
  <system-out/>
</testsuite> <!-- com.hybrid.testcases.Demo -->
