<?xml version="1.0" encoding="UTF-8"?>
<!-- Generated by org.testng.reporters.JUnitReportReporter -->
<testsuite hostname="DESKTOP-5MGC367" failures="0" tests="1" name="com.hybrid.overview.LoginTests" time="3.215" errors="0" timestamp="2022-06-04T12:06:17 IST" skipped="0">
  <testcase classname="com.hybrid.overview.LoginTests" name="testLogin" time="3.215"/>
  <system-out/>
</testsuite> <!-- com.hybrid.overview.LoginTests -->
